<?xml version="1.0" encoding="UTF-8"?>
<testsuites name="jest tests" tests="29" failures="0" errors="0" time="1.758">
  <testsuite name="src/__tests__/api-client.test.ts" errors="0" failures="0" skipped="0" timestamp="2026-05-25T07:58:30" time="0.795" tests="3">
    <testcase classname="aPI client" name="has correct baseURL from env" time="0.184">
    </testcase>
    <testcase classname="aPI client" name="has X-App-Key auth header" time="0.028">
    </testcase>
    <testcase classname="aPI client" name="has 10s timeout" time="0.035">
    </testcase>
  </testsuite>
  <testsuite name="src/__tests__/env.test.ts" errors="0" failures="0" skipped="0" timestamp="2026-05-25T07:58:31" time="0.207" tests="4">
    <testcase classname="env" name="exposes EXPO_PUBLIC_API_URL" time="0.033">
    </testcase>
    <testcase classname="env" name="exposes EXPO_PUBLIC_APP_SERVICE_KEY" time="0.025">
    </testcase>
    <testcase classname="env" name="has CurrencyConverter as app name" time="0.029">
    </testcase>
    <testcase classname="env" name="has cimmetria bundle IDs" time="0.024">
    </testcase>
  </testsuite>
  <testsuite name="src/__tests__/converter-store.test.ts" errors="0" failures="0" skipped="0" timestamp="2026-05-25T07:58:31" time="0.134" tests="7">
    <testcase classname="useConverterStore" name="has default state" time="0.002">
    </testcase>
    <testcase classname="useConverterStore" name="updates base currency and target currencies list" time="0">
    </testcase>
    <testcase classname="useConverterStore" name="updates amount" time="0">
    </testcase>
    <testcase classname="useConverterStore" name="adds new currency only if not already present" time="0.002">
    </testcase>
    <testcase classname="useConverterStore" name="removes currency" time="0">
    </testcase>
    <testcase classname="useConverterStore" name="swaps base currency with target row, placing old base at the row&apos;s index" time="0">
    </testcase>
    <testcase classname="useConverterStore" name="sets custom rate override" time="0.001">
    </testcase>
  </testsuite>
  <testsuite name="src/__tests__/quota-store.test.ts" errors="0" failures="0" skipped="0" timestamp="2026-05-25T07:58:31" time="0.098" tests="5">
    <testcase classname="useQuotaStore" name="has default state values" time="0.001">
    </testcase>
    <testcase classname="useQuotaStore" name="increments custom rate change attempts count" time="0">
    </testcase>
    <testcase classname="useQuotaStore" name="increments OCR scans attempts count" time="0.001">
    </testcase>
    <testcase classname="useQuotaStore" name="unlocks PRO plan" time="0">
    </testcase>
    <testcase classname="useQuotaStore" name="resets attempts counter" time="0">
    </testcase>
  </testsuite>
  <testsuite name="src/__tests__/settings-store.test.ts" errors="0" failures="0" skipped="0" timestamp="2026-05-25T07:58:31" time="0.098" tests="6">
    <testcase classname="useSettingsStore" name="has default state values" time="0.002">
    </testcase>
    <testcase classname="useSettingsStore" name="updates theme" time="0">
    </testcase>
    <testcase classname="useSettingsStore" name="updates language" time="0.001">
    </testcase>
    <testcase classname="useSettingsStore" name="updates decimal places" time="0">
    </testcase>
    <testcase classname="useSettingsStore" name="updates wallpaper" time="0.001">
    </testcase>
    <testcase classname="useSettingsStore" name="updates privacy accepted status" time="0">
    </testcase>
  </testsuite>
  <testsuite name="src/__tests__/i18n.test.ts" errors="0" failures="0" skipped="0" timestamp="2026-05-25T07:58:31" time="0.09" tests="4">
    <testcase classname="i18n resources" name="has en, ru and ar locales" time="0.004">
    </testcase>
    <testcase classname="i18n resources" name="en has required converter keys" time="0">
    </testcase>
    <testcase classname="i18n resources" name="ru has required converter keys" time="0">
    </testcase>
    <testcase classname="i18n resources" name="ru and ar have same top-level keys as en" time="0.001">
    </testcase>
  </testsuite>
</testsuites>